<?xml version="1.0" encoding="UTF-8"?>
<testng-results ignored="0" total="4" passed="3" failed="1" skipped="0">
  <reporter-output>
  </reporter-output>
  <suite started-at="2022-11-10T03:25:48Z" name="Default suite" finished-at="2022-11-10T03:31:37Z" duration-ms="349028">
    <groups>
    </groups>
    <test started-at="2022-11-10T03:25:48Z" name="Default test" finished-at="2022-11-10T03:31:37Z" duration-ms="349028">
      <class name="org.com.flipkart.Flipkart">
        <test-method is-config="true" signature="login()[pri:0, instance:org.com.flipkart.Flipkart@37e4d7bb]" started-at="2022-11-10T03:25:48Z" name="login" finished-at="2022-11-10T03:27:54Z" duration-ms="126634" status="PASS">
          <reporter-output>
          </reporter-output>
        </test-method> <!-- login -->
        <test-method signature="login()[pri:1, instance:org.com.flipkart.Flipkart@37e4d7bb]" started-at="2022-11-10T03:27:54Z" name="login" finished-at="2022-11-10T03:29:28Z" duration-ms="93416" status="PASS">
          <reporter-output>
          </reporter-output>
        </test-method> <!-- login -->
        <test-method signature="script()[pri:2, instance:org.com.flipkart.Flipkart@37e4d7bb]" started-at="2022-11-10T03:29:28Z" name="script" finished-at="2022-11-10T03:31:22Z" duration-ms="114204" status="FAIL">
          <exception class="java.lang.AssertionError">
            <message>
              <![CDATA[expected [null] but found [SAMSUNG Galaxy F13 (Waterfall Blue, 64 GB)]]]>
            </message>
            <full-stacktrace>
              <![CDATA[java.lang.AssertionError: expected [null] but found [SAMSUNG Galaxy F13 (Waterfall Blue, 64 GB)]
at org.testng.Assert.fail(Assert.java:96)
at org.testng.Assert.failNotEquals(Assert.java:776)
at org.testng.Assert.assertEqualsImpl(Assert.java:132)
at org.testng.Assert.assertEquals(Assert.java:118)
at org.testng.Assert.assertEquals(Assert.java:453)
at org.testng.Assert.assertEquals(Assert.java:463)
at org.com.flipkart.Flipkart.script(Flipkart.java:104)
at java.base/jdk.internal.reflect.NativeMethodAccessorImpl.invoke0(Native Method)
at java.base/jdk.internal.reflect.NativeMethodAccessorImpl.invoke(NativeMethodAccessorImpl.java:77)
at java.base/jdk.internal.reflect.DelegatingMethodAccessorImpl.invoke(DelegatingMethodAccessorImpl.java:43)
at java.base/java.lang.reflect.Method.invoke(Method.java:568)
at org.testng.internal.MethodInvocationHelper.invokeMethod(MethodInvocationHelper.java:124)
at org.testng.internal.Invoker.invokeMethod(Invoker.java:583)
at org.testng.internal.Invoker.invokeTestMethod(Invoker.java:719)
at org.testng.internal.Invoker.invokeTestMethods(Invoker.java:989)
at org.testng.internal.TestMethodWorker.invokeTestMethods(TestMethodWorker.java:125)
at org.testng.internal.TestMethodWorker.run(TestMethodWorker.java:109)
at org.testng.TestRunner.privateRun(TestRunner.java:648)
at org.testng.TestRunner.run(TestRunner.java:505)
at org.testng.SuiteRunner.runTest(SuiteRunner.java:455)
at org.testng.SuiteRunner.runSequentially(SuiteRunner.java:450)
at org.testng.SuiteRunner.privateRun(SuiteRunner.java:415)
at org.testng.SuiteRunner.run(SuiteRunner.java:364)
at org.testng.SuiteRunnerWorker.runSuite(SuiteRunnerWorker.java:52)
at org.testng.SuiteRunnerWorker.run(SuiteRunnerWorker.java:84)
at org.testng.TestNG.runSuitesSequentially(TestNG.java:1208)
at org.testng.TestNG.runSuitesLocally(TestNG.java:1137)
at org.testng.TestNG.runSuites(TestNG.java:1049)
at org.testng.TestNG.run(TestNG.java:1017)
at org.testng.remote.AbstractRemoteTestNG.run(AbstractRemoteTestNG.java:115)
at org.testng.remote.RemoteTestNG.initAndRun(RemoteTestNG.java:251)
at org.testng.remote.RemoteTestNG.main(RemoteTestNG.java:77)
]]>
            </full-stacktrace>
          </exception> <!-- java.lang.AssertionError -->
          <reporter-output>
          </reporter-output>
        </test-method> <!-- script -->
        <test-method signature="windowshandle()[pri:3, instance:org.com.flipkart.Flipkart@37e4d7bb]" started-at="2022-11-10T03:31:22Z" name="windowshandle" finished-at="2022-11-10T03:31:30Z" duration-ms="7654" status="PASS">
          <reporter-output>
          </reporter-output>
        </test-method> <!-- windowshandle -->
        <test-method signature="windowshandle()[pri:3, instance:org.com.flipkart.Flipkart@37e4d7bb]" started-at="2022-11-10T03:31:30Z" name="windowshandle" finished-at="2022-11-10T03:31:37Z" duration-ms="6924" status="PASS">
          <reporter-output>
          </reporter-output>
        </test-method> <!-- windowshandle -->
      </class> <!-- org.com.flipkart.Flipkart -->
    </test> <!-- Default test -->
  </suite> <!-- Default suite -->
</testng-results>
